<?xml version="1.0" encoding="UTF-8"?><testsuite errors="1" failures="0" name="API scenarios" skipped="0" tests="1" time="21.71" timestamp="2019-12-01 08:44:40"><testcase name="Write a test that would validate new item addition using POST and the response&#10;returns all the items."><error message="java.lang.RuntimeException: java.io.IOException: Failed to bind to /0.0.0.0:8080" type="com.github.tomakehurst.wiremock.common.FatalStartupException">java.lang.RuntimeException: java.io.IOException: Failed to bind to /0.0.0.0:8080</error><system-err>java.lang.RuntimeException: java.io.IOException: Failed to bind to /0.0.0.0:8080
com.github.tomakehurst.wiremock.WireMockServer.start(WireMockServer.java:148)
net.webtestautomation.dataModel.APIDataModel.&lt;init&gt;(APIDataModel.java:31)
net.webtestautomation.tests.APITests.getAllItems(APITests.java:30)
net.webtestautomation.definitions.APIScenariosStepsDefinitions.fetchAllItems(APIScenariosStepsDefinitions.java:17)
</system-err></testcase></testsuite>